<?xml version="1.0" encoding="UTF-8"?>
<!-- Generated by org.testng.reporters.JUnitReportReporter -->
<testsuite hostname="nader-_elsayed" failures="0" tests="1" name="Tests.ProductMenuTest" time="6.214" errors="0" timestamp="2021-11-08T16:48:04 EET" skipped="0">
  <testcase classname="Tests.ProductMenuTest" name="ChooseY4DeveloperOption" time="6.214"/>
  <system-out/>
</testsuite> <!-- Tests.ProductMenuTest -->
