<?xml version="1.0" encoding="UTF-8"?>
<!-- Generated by org.testng.reporters.JUnitReportReporter -->
<testsuite hostname="nader-_elsayed" failures="0" tests="1" name="Tests.DownloadsMenuTest" time="2.511" errors="0" timestamp="2021-11-09T13:07:28 EET" skipped="0">
  <testcase classname="Tests.DownloadsMenuTest" name="ChooseMarketPlaceOption" time="2.511"/>
  <system-out/>
</testsuite> <!-- Tests.DownloadsMenuTest -->
