<?xml version="1.0" encoding="UTF-8"?>
<!-- Generated by org.testng.reporters.JUnitReportReporter -->
<testsuite hostname="nader-_elsayed" failures="0" tests="1" name="Tests.UserRegistrationTest" time="4.929" errors="0" timestamp="2021-11-02T17:51:38 EET" skipped="0">
  <testcase classname="Tests.UserRegistrationTest" name="LoginValidData" time="4.929"/>
  <system-out/>
</testsuite> <!-- Tests.UserRegistrationTest -->
